1682384420909 Command Line Arguments: covid_data.json properties.csv population.csv events.log
1682384420944 Covid Reader opening file: covid_data.json
1682384421133 Population Reader opening file: population.csv
1682384421136 CSVProperty Reader opening file: properties.csv
1682384436702 Main Menu User Input: 1
1682384440705 Main Menu User Input: 2
1682384440705 Population Reader opening file: population.csv
1682384445331 Main Menu User Input: 3
1682384450540 Vaccine Per Capita User Input Type: asdfjh;daf
1682384453399 Vaccine Per Capita User Input Type: full
1682384455961 Vaccine Per Capita User Input Date: dsaf;adsofh
1682384462499 Vaccine Per Capita User Input Date: 2021-04-01
1682384462500 Population Reader opening file: population.csv
1682384473406 Main Menu User Input: 3
1682384476468 Vaccine Per Capita User Input Type: partial
1682384482568 Vaccine Per Capita User Input Date: 2023-01-01
1682384482569 Population Reader opening file: population.csv
1682384485372 Main Menu User Input: 4
1682384491211 Average Market Value User Input Zip Code: 55555
1682384493897 Main Menu User Input: 4
1682384498866 Average Market Value User Input Zip Code: 19111
1682384507199 Main Menu User Input: 5
1682384510410 Average Total Livable Area User Input Zip Code: 55555
1682384513578 Main Menu User Input: 5
1682384518163 Average Total Livable Area User Input Zip Code: 19103
1682384612581 Command Line Arguments: covid_data.json properties.csv population.csv events.log
1682384612607 Covid Reader opening file: covid_data.json
1682384612789 Population Reader opening file: population.csv
1682384612791 CSVProperty Reader opening file: properties.csv
1682384625791 Main Menu User Input: 1
1682384632108 Main Menu User Input: 2
1682384632109 Population Reader opening file: population.csv
1682384635697 Main Menu User Input: 3
1682384638619 Vaccine Per Capita User Input Type: partial
1682384655993 Vaccine Per Capita User Input Date: 2021-04-01
1682384656000 Population Reader opening file: population.csv
1682384663996 Main Menu User Input: 4
1682384666459 Average Market Value User Input Zip Code: 19111
1682384671893 Main Menu User Input: 5
1682384674445 Average Total Livable Area User Input Zip Code: 5555
1682384683497 Main Menu User Input: 6
1682384685899 Total Market Value Per Capita User Input Zip Code: 19111
1682384702809 Main Menu User Input: 7
1682384706475 Infected Livable Area User Input Date: 202222
1682384719273 Infected Livable Area User Input Date: 2021-03-25
1682384727558 Main Menu User Input: 7
1682384744156 Infected Livable Area User Input Date: 2021-03-25
1682384867900 Command Line Arguments: covid_data.json properties.csv population.csv events.log
1682384867926 Covid Reader opening file: covid_data.json
1682384868094 Population Reader opening file: population.csv
1682384868097 CSVProperty Reader opening file: properties.csv
1682384882029 Main Menu User Input: 7
1682384888079 Infected Livable Area User Input Date: 2021-03-25
